This file contains any messages produced by compilers while
running configure, to aid debugging if configure makes a mistake.

It was created by Indri configure 5.8, which was
generated by GNU Autoconf 2.63.  Invocation command line was

  $ ./configure 

## --------- ##
## Platform. ##
## --------- ##

hostname = ypeilin-Precision-T1650
uname -m = x86_64
uname -r = 3.13.0-32-generic
uname -s = Linux
uname -v = #57-Ubuntu SMP Tue Jul 15 03:51:08 UTC 2014

/usr/bin/uname -p = unknown
/bin/uname -X     = unknown

/bin/arch              = unknown
/usr/bin/arch -k       = unknown
/usr/convex/getsysinfo = unknown
/usr/bin/hostinfo      = unknown
/bin/machine           = unknown
/usr/bin/oslevel       = unknown
/bin/universe          = unknown

PATH: /usr/local/sbin
PATH: /usr/local/bin
PATH: /usr/sbin
PATH: /usr/bin
PATH: /sbin
PATH: /bin
PATH: /usr/games
PATH: /usr/local/games


## ----------- ##
## Core tests. ##
## ----------- ##

configure:1902: checking build system type
configure:1920: result: x86_64-unknown-linux-gnu
configure:1942: checking host system type
configure:1957: result: x86_64-unknown-linux-gnu
configure:2028: checking for gcc
configure:2044: found /usr/bin/gcc
configure:2055: result: gcc
configure:2287: checking for C compiler version
configure:2295: gcc --version >&5
gcc (Ubuntu 4.8.4-2ubuntu1~14.04) 4.8.4
Copyright (C) 2013 Free Software Foundation, Inc.
This is free software; see the source for copying conditions.  There is NO
warranty; not even for MERCHANTABILITY or FITNESS FOR A PARTICULAR PURPOSE.

configure:2299: $? = 0
configure:2306: gcc -v >&5
Using built-in specs.
COLLECT_GCC=gcc
COLLECT_LTO_WRAPPER=/usr/lib/gcc/x86_64-linux-gnu/4.8/lto-wrapper
Target: x86_64-linux-gnu
Configured with: ../src/configure -v --with-pkgversion='Ubuntu 4.8.4-2ubuntu1~14.04' --with-bugurl=file:///usr/share/doc/gcc-4.8/README.Bugs --enable-languages=c,c++,java,go,d,fortran,objc,obj-c++ --prefix=/usr --program-suffix=-4.8 --enable-shared --enable-linker-build-id --libexecdir=/usr/lib --without-included-gettext --enable-threads=posix --with-gxx-include-dir=/usr/include/c++/4.8 --libdir=/usr/lib --enable-nls --with-sysroot=/ --enable-clocale=gnu --enable-libstdcxx-debug --enable-libstdcxx-time=yes --enable-gnu-unique-object --disable-libmudflap --enable-plugin --with-system-zlib --disable-browser-plugin --enable-java-awt=gtk --enable-gtk-cairo --with-java-home=/usr/lib/jvm/java-1.5.0-gcj-4.8-amd64/jre --enable-java-home --with-jvm-root-dir=/usr/lib/jvm/java-1.5.0-gcj-4.8-amd64 --with-jvm-jar-dir=/usr/lib/jvm-exports/java-1.5.0-gcj-4.8-amd64 --with-arch-directory=amd64 --with-ecj-jar=/usr/share/java/eclipse-ecj.jar --enable-objc-gc --enable-multiarch --disable-werror --with-arch-32=i686 --with-abi=m64 --with-multilib-list=m32,m64,mx32 --with-tune=generic --enable-checking=release --build=x86_64-linux-gnu --host=x86_64-linux-gnu --target=x86_64-linux-gnu
Thread model: posix
gcc version 4.8.4 (Ubuntu 4.8.4-2ubuntu1~14.04) 
configure:2310: $? = 0
configure:2317: gcc -V >&5
gcc: error: unrecognized command line option '-V'
gcc: fatal error: no input files
compilation terminated.
configure:2321: $? = 4
configure:2344: checking for C compiler default output file name
configure:2366: gcc -g -O3   conftest.c  >&5
configure:2370: $? = 0
configure:2408: result: a.out
configure:2427: checking whether the C compiler works
configure:2437: ./a.out
configure:2441: $? = 0
configure:2460: result: yes
configure:2467: checking whether we are cross compiling
configure:2469: result: no
configure:2472: checking for suffix of executables
configure:2479: gcc -o conftest -g -O3   conftest.c  >&5
configure:2483: $? = 0
configure:2509: result: 
configure:2515: checking for suffix of object files
configure:2541: gcc -c -g -O3  conftest.c >&5
configure:2545: $? = 0
configure:2570: result: o
configure:2574: checking whether we are using the GNU C compiler
configure:2603: gcc -c -g -O3  conftest.c >&5
configure:2610: $? = 0
configure:2627: result: yes
configure:2636: checking whether gcc accepts -g
configure:2666: gcc -c -g  conftest.c >&5
configure:2673: $? = 0
configure:2774: result: yes
configure:2791: checking for gcc option to accept ISO C89
configure:2865: gcc  -c -g -O3  conftest.c >&5
configure:2872: $? = 0
configure:2895: result: none needed
configure:2971: checking for g++
configure:2987: found /usr/bin/g++
configure:2998: result: g++
configure:3025: checking for C++ compiler version
configure:3033: g++ --version >&5
g++ (Ubuntu 4.8.4-2ubuntu1~14.04) 4.8.4
Copyright (C) 2013 Free Software Foundation, Inc.
This is free software; see the source for copying conditions.  There is NO
warranty; not even for MERCHANTABILITY or FITNESS FOR A PARTICULAR PURPOSE.

configure:3037: $? = 0
configure:3044: g++ -v >&5
Using built-in specs.
COLLECT_GCC=g++
COLLECT_LTO_WRAPPER=/usr/lib/gcc/x86_64-linux-gnu/4.8/lto-wrapper
Target: x86_64-linux-gnu
Configured with: ../src/configure -v --with-pkgversion='Ubuntu 4.8.4-2ubuntu1~14.04' --with-bugurl=file:///usr/share/doc/gcc-4.8/README.Bugs --enable-languages=c,c++,java,go,d,fortran,objc,obj-c++ --prefix=/usr --program-suffix=-4.8 --enable-shared --enable-linker-build-id --libexecdir=/usr/lib --without-included-gettext --enable-threads=posix --with-gxx-include-dir=/usr/include/c++/4.8 --libdir=/usr/lib --enable-nls --with-sysroot=/ --enable-clocale=gnu --enable-libstdcxx-debug --enable-libstdcxx-time=yes --enable-gnu-unique-object --disable-libmudflap --enable-plugin --with-system-zlib --disable-browser-plugin --enable-java-awt=gtk --enable-gtk-cairo --with-java-home=/usr/lib/jvm/java-1.5.0-gcj-4.8-amd64/jre --enable-java-home --with-jvm-root-dir=/usr/lib/jvm/java-1.5.0-gcj-4.8-amd64 --with-jvm-jar-dir=/usr/lib/jvm-exports/java-1.5.0-gcj-4.8-amd64 --with-arch-directory=amd64 --with-ecj-jar=/usr/share/java/eclipse-ecj.jar --enable-objc-gc --enable-multiarch --disable-werror --with-arch-32=i686 --with-abi=m64 --with-multilib-list=m32,m64,mx32 --with-tune=generic --enable-checking=release --build=x86_64-linux-gnu --host=x86_64-linux-gnu --target=x86_64-linux-gnu
Thread model: posix
gcc version 4.8.4 (Ubuntu 4.8.4-2ubuntu1~14.04) 
configure:3048: $? = 0
configure:3055: g++ -V >&5
g++: error: unrecognized command line option '-V'
g++: fatal error: no input files
compilation terminated.
configure:3059: $? = 4
configure:3062: checking whether we are using the GNU C++ compiler
configure:3091: g++ -c -g -O3  conftest.cpp >&5
configure:3098: $? = 0
configure:3115: result: yes
configure:3124: checking whether g++ accepts -g
configure:3154: g++ -c -g  conftest.cpp >&5
configure:3161: $? = 0
configure:3262: result: yes
configure:3290: checking for flex
configure:3320: result: no
configure:3290: checking for lex
configure:3320: result: no
configure:3513: checking for a BSD-compatible install
configure:3581: result: /usr/bin/install -c
configure:3596: checking for ar
configure:3614: found /usr/bin/ar
configure:3626: result: /usr/bin/ar
configure:3643: checking for a supported version of gcc
configure:3680: result: ok (4.8)
configure:3694: checking for log in -lm
configure:3729: gcc -o conftest -g -O3   conftest.c -lm   >&5
conftest.c:16:6: warning: conflicting types for built-in function 'log' [enabled by default]
 char log ();
      ^
configure:3736: $? = 0
configure:3757: result: yes
configure:3769: checking for pthread_create in -lpthread
configure:3804: gcc -o conftest -g -O3   conftest.c -lpthread  -lm  >&5
configure:3811: $? = 0
configure:3832: result: yes
configure:4041: checking for deflate in -lz
configure:4076: gcc -o conftest -g -O3   conftest.c -lz  -lpthread -lm  >&5
configure:4083: $? = 0
configure:4104: result: yes
configure:4116: checking for mkstemps in -liberty
configure:4151: gcc -o conftest -g -O3   conftest.c -liberty  -lz -lpthread -lm  >&5
/usr/bin/ld: cannot find -liberty
collect2: error: ld returned 1 exit status
configure:4158: $? = 1
configure: failed program was:
| /* confdefs.h.  */
| #define PACKAGE_NAME "Indri"
| #define PACKAGE_TARNAME "indri"
| #define PACKAGE_VERSION "5.8"
| #define PACKAGE_STRING "Indri 5.8"
| #define PACKAGE_BUGREPORT "project@lemurproject.org"
| #define INDRI_STANDALONE 1
| #define HAVE_LIBM 1
| #define HAVE_LIBPTHREAD 1
| #define HAVE_LIBZ 1
| /* end confdefs.h.  */
| 
| /* Override any GCC internal prototype to avoid an error.
|    Use char because int might match the return type of a GCC
|    builtin and then its argument prototype would still apply.  */
| #ifdef __cplusplus
| extern "C"
| #endif
| char mkstemps ();
| int
| main ()
| {
| return mkstemps ();
|   ;
|   return 0;
| }
configure:4179: result: no
configure:4198: checking whether C++ namespaces are supported
configure:4227: g++ -c -g -O3  conftest.cpp >&5
configure:4234: $? = 0
configure:4254: result: yes
configure:4264: checking whether isnan is in namespace std
configure:4295: g++ -c -g -O3  conftest.cpp >&5
configure:4302: $? = 0
configure:4322: result: yes
configure:4332: checking whether isnan is in namespace __gnu_cxx
configure:4363: g++ -c -g -O3  conftest.cpp >&5
conftest.cpp: In function 'int lemur::isnan(float)':
conftest.cpp:15:50: error: 'isnan' is not a member of '__gnu_cxx'
     namespace lemur { int isnan(float x){ return __gnu_cxx::isnan(x); } };
                                                  ^
conftest.cpp:15:50: note: suggested alternatives:
In file included from /usr/include/features.h:374:0,
                 from /usr/include/x86_64-linux-gnu/c++/4.8/bits/os_defines.h:39,
                 from /usr/include/x86_64-linux-gnu/c++/4.8/bits/c++config.h:426,
                 from /usr/include/c++/4.8/cmath:41,
                 from conftest.cpp:14:
/usr/include/x86_64-linux-gnu/bits/mathcalls.h:234:1: note:   'isnan'
 __MATHDECL_1 (int,isnan,, (_Mdouble_ __value)) __attribute__ ((__const__));
 ^
In file included from conftest.cpp:14:0:
/usr/include/c++/4.8/cmath:836:5: note:   'std::isnan'
     isnan(_Tp __f)
     ^
conftest.cpp:15:27: note:   'lemur::isnan'
     namespace lemur { int isnan(float x){ return __gnu_cxx::isnan(x); } };
                           ^
configure:4370: $? = 1
configure: failed program was:
| /* confdefs.h.  */
| #define PACKAGE_NAME "Indri"
| #define PACKAGE_TARNAME "indri"
| #define PACKAGE_VERSION "5.8"
| #define PACKAGE_STRING "Indri 5.8"
| #define PACKAGE_BUGREPORT "project@lemurproject.org"
| #define INDRI_STANDALONE 1
| #define HAVE_LIBM 1
| #define HAVE_LIBPTHREAD 1
| #define HAVE_LIBZ 1
| #define HAVE_NAMESPACES /**/
| #define ISNAN_IN_NAMESPACE_STD /**/
| /* end confdefs.h.  */
| #include <cmath>
| 	   namespace lemur { int isnan(float x){ return __gnu_cxx::isnan(x); } };
| int
| main ()
| {
| 
| 	   using namespace lemur; float x = 1.0; lemur::isnan(x); return 0;
|   ;
|   return 0;
| }
configure:4390: result: no
configure:4404: checking how to run the C preprocessor
configure:4444: gcc -E  conftest.c
configure:4451: $? = 0
configure:4482: gcc -E  conftest.c
conftest.c:14:28: fatal error: ac_nonexistent.h: No such file or directory
 #include <ac_nonexistent.h>
                            ^
compilation terminated.
configure:4489: $? = 1
configure: failed program was:
| /* confdefs.h.  */
| #define PACKAGE_NAME "Indri"
| #define PACKAGE_TARNAME "indri"
| #define PACKAGE_VERSION "5.8"
| #define PACKAGE_STRING "Indri 5.8"
| #define PACKAGE_BUGREPORT "project@lemurproject.org"
| #define INDRI_STANDALONE 1
| #define HAVE_LIBM 1
| #define HAVE_LIBPTHREAD 1
| #define HAVE_LIBZ 1
| #define HAVE_NAMESPACES /**/
| #define ISNAN_IN_NAMESPACE_STD /**/
| /* end confdefs.h.  */
| #include <ac_nonexistent.h>
configure:4522: result: gcc -E
configure:4551: gcc -E  conftest.c
configure:4558: $? = 0
configure:4589: gcc -E  conftest.c
conftest.c:14:28: fatal error: ac_nonexistent.h: No such file or directory
 #include <ac_nonexistent.h>
                            ^
compilation terminated.
configure:4596: $? = 1
configure: failed program was:
| /* confdefs.h.  */
| #define PACKAGE_NAME "Indri"
| #define PACKAGE_TARNAME "indri"
| #define PACKAGE_VERSION "5.8"
| #define PACKAGE_STRING "Indri 5.8"
| #define PACKAGE_BUGREPORT "project@lemurproject.org"
| #define INDRI_STANDALONE 1
| #define HAVE_LIBM 1
| #define HAVE_LIBPTHREAD 1
| #define HAVE_LIBZ 1
| #define HAVE_NAMESPACES /**/
| #define ISNAN_IN_NAMESPACE_STD /**/
| /* end confdefs.h.  */
| #include <ac_nonexistent.h>
configure:4636: checking for grep that handles long lines and -e
configure:4696: result: /bin/grep
configure:4701: checking for egrep
configure:4765: result: /bin/grep -E
configure:4770: checking for ANSI C header files
configure:4800: gcc -c -g -O3  conftest.c >&5
configure:4807: $? = 0
configure:4906: gcc -o conftest -g -O3   conftest.c -lz -lpthread -lm  >&5
configure:4910: $? = 0
configure:4916: ./conftest
configure:4920: $? = 0
configure:4938: result: yes
configure:4962: checking for sys/types.h
configure:4983: gcc -c -g -O3  conftest.c >&5
configure:4990: $? = 0
configure:5007: result: yes
configure:4962: checking for sys/stat.h
configure:4983: gcc -c -g -O3  conftest.c >&5
configure:4990: $? = 0
configure:5007: result: yes
configure:4962: checking for stdlib.h
configure:4983: gcc -c -g -O3  conftest.c >&5
configure:4990: $? = 0
configure:5007: result: yes
configure:4962: checking for string.h
configure:4983: gcc -c -g -O3  conftest.c >&5
configure:4990: $? = 0
configure:5007: result: yes
configure:4962: checking for memory.h
configure:4983: gcc -c -g -O3  conftest.c >&5
configure:4990: $? = 0
configure:5007: result: yes
configure:4962: checking for strings.h
configure:4983: gcc -c -g -O3  conftest.c >&5
configure:4990: $? = 0
configure:5007: result: yes
configure:4962: checking for inttypes.h
configure:4983: gcc -c -g -O3  conftest.c >&5
configure:4990: $? = 0
configure:5007: result: yes
configure:4962: checking for stdint.h
configure:4983: gcc -c -g -O3  conftest.c >&5
configure:4990: $? = 0
configure:5007: result: yes
configure:4962: checking for unistd.h
configure:4983: gcc -c -g -O3  conftest.c >&5
configure:4990: $? = 0
configure:5007: result: yes
configure:5022: checking whether byte ordering is bigendian
configure:5047: gcc -c -g -O3  conftest.c >&5
conftest.c:25:9: error: unknown type name 'not'
         not a universal capable compiler
         ^
conftest.c:25:15: error: expected '=', ',', ';', 'asm' or '__attribute__' before 'universal'
         not a universal capable compiler
               ^
conftest.c:25:15: error: unknown type name 'universal'
configure:5054: $? = 1
configure: failed program was:
| /* confdefs.h.  */
| #define PACKAGE_NAME "Indri"
| #define PACKAGE_TARNAME "indri"
| #define PACKAGE_VERSION "5.8"
| #define PACKAGE_STRING "Indri 5.8"
| #define PACKAGE_BUGREPORT "project@lemurproject.org"
| #define INDRI_STANDALONE 1
| #define HAVE_LIBM 1
| #define HAVE_LIBPTHREAD 1
| #define HAVE_LIBZ 1
| #define HAVE_NAMESPACES /**/
| #define ISNAN_IN_NAMESPACE_STD /**/
| #define STDC_HEADERS 1
| #define HAVE_SYS_TYPES_H 1
| #define HAVE_SYS_STAT_H 1
| #define HAVE_STDLIB_H 1
| #define HAVE_STRING_H 1
| #define HAVE_MEMORY_H 1
| #define HAVE_STRINGS_H 1
| #define HAVE_INTTYPES_H 1
| #define HAVE_STDINT_H 1
| #define HAVE_UNISTD_H 1
| /* end confdefs.h.  */
| #ifndef __APPLE_CC__
| 	       not a universal capable compiler
| 	     #endif
| 	     typedef int dummy;
| 
configure:5104: gcc -c -g -O3  conftest.c >&5
configure:5111: $? = 0
configure:5143: gcc -c -g -O3  conftest.c >&5
conftest.c: In function 'main':
conftest.c:31:4: error: unknown type name 'not'
    not big endian
    ^
conftest.c:31:12: error: expected '=', ',', ';', 'asm' or '__attribute__' before 'endian'
    not big endian
            ^
configure:5150: $? = 1
configure: failed program was:
| /* confdefs.h.  */
| #define PACKAGE_NAME "Indri"
| #define PACKAGE_TARNAME "indri"
| #define PACKAGE_VERSION "5.8"
| #define PACKAGE_STRING "Indri 5.8"
| #define PACKAGE_BUGREPORT "project@lemurproject.org"
| #define INDRI_STANDALONE 1
| #define HAVE_LIBM 1
| #define HAVE_LIBPTHREAD 1
| #define HAVE_LIBZ 1
| #define HAVE_NAMESPACES /**/
| #define ISNAN_IN_NAMESPACE_STD /**/
| #define STDC_HEADERS 1
| #define HAVE_SYS_TYPES_H 1
| #define HAVE_SYS_STAT_H 1
| #define HAVE_STDLIB_H 1
| #define HAVE_STRING_H 1
| #define HAVE_MEMORY_H 1
| #define HAVE_STRINGS_H 1
| #define HAVE_INTTYPES_H 1
| #define HAVE_STDINT_H 1
| #define HAVE_UNISTD_H 1
| /* end confdefs.h.  */
| #include <sys/types.h>
| 		#include <sys/param.h>
| 
| int
| main ()
| {
| #if BYTE_ORDER != BIG_ENDIAN
| 		 not big endian
| 		#endif
| 
|   ;
|   return 0;
| }
configure:5402: result: no
configure:5434: checking for special C compiler options needed for large files
configure:5529: result: no
configure:5535: checking for _FILE_OFFSET_BITS value needed for large files
configure:5570: gcc -c -g -O3  conftest.c >&5
configure:5577: $? = 0
configure:5646: result: no
configure:5783: checking for _LARGEFILE_SOURCE value needed for large files
configure:5812: gcc -o conftest -g -O3   conftest.c -lz -lpthread -lm  >&5
configure:5819: $? = 0
configure:5892: result: no
configure:5930: checking how to run the C++ preprocessor
configure:5966: g++ -E  conftest.cpp
configure:5973: $? = 0
configure:6004: g++ -E  conftest.cpp
conftest.cpp:25:28: fatal error: ac_nonexistent.h: No such file or directory
 #include <ac_nonexistent.h>
                            ^
compilation terminated.
configure:6011: $? = 1
configure: failed program was:
| /* confdefs.h.  */
| #define PACKAGE_NAME "Indri"
| #define PACKAGE_TARNAME "indri"
| #define PACKAGE_VERSION "5.8"
| #define PACKAGE_STRING "Indri 5.8"
| #define PACKAGE_BUGREPORT "project@lemurproject.org"
| #define INDRI_STANDALONE 1
| #define HAVE_LIBM 1
| #define HAVE_LIBPTHREAD 1
| #define HAVE_LIBZ 1
| #define HAVE_NAMESPACES /**/
| #define ISNAN_IN_NAMESPACE_STD /**/
| #define STDC_HEADERS 1
| #define HAVE_SYS_TYPES_H 1
| #define HAVE_SYS_STAT_H 1
| #define HAVE_STDLIB_H 1
| #define HAVE_STRING_H 1
| #define HAVE_MEMORY_H 1
| #define HAVE_STRINGS_H 1
| #define HAVE_INTTYPES_H 1
| #define HAVE_STDINT_H 1
| #define HAVE_UNISTD_H 1
| #define HAVE_FSEEKO 1
| /* end confdefs.h.  */
| #include <ac_nonexistent.h>
configure:6044: result: g++ -E
configure:6073: g++ -E  conftest.cpp
configure:6080: $? = 0
configure:6111: g++ -E  conftest.cpp
conftest.cpp:25:28: fatal error: ac_nonexistent.h: No such file or directory
 #include <ac_nonexistent.h>
                            ^
compilation terminated.
configure:6118: $? = 1
configure: failed program was:
| /* confdefs.h.  */
| #define PACKAGE_NAME "Indri"
| #define PACKAGE_TARNAME "indri"
| #define PACKAGE_VERSION "5.8"
| #define PACKAGE_STRING "Indri 5.8"
| #define PACKAGE_BUGREPORT "project@lemurproject.org"
| #define INDRI_STANDALONE 1
| #define HAVE_LIBM 1
| #define HAVE_LIBPTHREAD 1
| #define HAVE_LIBZ 1
| #define HAVE_NAMESPACES /**/
| #define ISNAN_IN_NAMESPACE_STD /**/
| #define STDC_HEADERS 1
| #define HAVE_SYS_TYPES_H 1
| #define HAVE_SYS_STAT_H 1
| #define HAVE_STDLIB_H 1
| #define HAVE_STRING_H 1
| #define HAVE_MEMORY_H 1
| #define HAVE_STRINGS_H 1
| #define HAVE_INTTYPES_H 1
| #define HAVE_STDINT_H 1
| #define HAVE_UNISTD_H 1
| #define HAVE_FSEEKO 1
| /* end confdefs.h.  */
| #include <ac_nonexistent.h>
configure:6174: checking bits/atomicity.h usability
configure:6191: g++ -c -g -O3  conftest.cpp >&5
conftest.cpp:58:28: fatal error: bits/atomicity.h: No such file or directory
 #include <bits/atomicity.h>
                            ^
compilation terminated.
configure:6198: $? = 1
configure: failed program was:
| /* confdefs.h.  */
| #define PACKAGE_NAME "Indri"
| #define PACKAGE_TARNAME "indri"
| #define PACKAGE_VERSION "5.8"
| #define PACKAGE_STRING "Indri 5.8"
| #define PACKAGE_BUGREPORT "project@lemurproject.org"
| #define INDRI_STANDALONE 1
| #define HAVE_LIBM 1
| #define HAVE_LIBPTHREAD 1
| #define HAVE_LIBZ 1
| #define HAVE_NAMESPACES /**/
| #define ISNAN_IN_NAMESPACE_STD /**/
| #define STDC_HEADERS 1
| #define HAVE_SYS_TYPES_H 1
| #define HAVE_SYS_STAT_H 1
| #define HAVE_STDLIB_H 1
| #define HAVE_STRING_H 1
| #define HAVE_MEMORY_H 1
| #define HAVE_STRINGS_H 1
| #define HAVE_INTTYPES_H 1
| #define HAVE_STDINT_H 1
| #define HAVE_UNISTD_H 1
| #define HAVE_FSEEKO 1
| /* end confdefs.h.  */
| #include <stdio.h>
| #ifdef HAVE_SYS_TYPES_H
| # include <sys/types.h>
| #endif
| #ifdef HAVE_SYS_STAT_H
| # include <sys/stat.h>
| #endif
| #ifdef STDC_HEADERS
| # include <stdlib.h>
| # include <stddef.h>
| #else
| # ifdef HAVE_STDLIB_H
| #  include <stdlib.h>
| # endif
| #endif
| #ifdef HAVE_STRING_H
| # if !defined STDC_HEADERS && defined HAVE_MEMORY_H
| #  include <memory.h>
| # endif
| # include <string.h>
| #endif
| #ifdef HAVE_STRINGS_H
| # include <strings.h>
| #endif
| #ifdef HAVE_INTTYPES_H
| # include <inttypes.h>
| #endif
| #ifdef HAVE_STDINT_H
| # include <stdint.h>
| #endif
| #ifdef HAVE_UNISTD_H
| # include <unistd.h>
| #endif
| #include <bits/atomicity.h>
configure:6212: result: no
configure:6216: checking bits/atomicity.h presence
configure:6231: g++ -E  conftest.cpp
conftest.cpp:25:28: fatal error: bits/atomicity.h: No such file or directory
 #include <bits/atomicity.h>
                            ^
compilation terminated.
configure:6238: $? = 1
configure: failed program was:
| /* confdefs.h.  */
| #define PACKAGE_NAME "Indri"
| #define PACKAGE_TARNAME "indri"
| #define PACKAGE_VERSION "5.8"
| #define PACKAGE_STRING "Indri 5.8"
| #define PACKAGE_BUGREPORT "project@lemurproject.org"
| #define INDRI_STANDALONE 1
| #define HAVE_LIBM 1
| #define HAVE_LIBPTHREAD 1
| #define HAVE_LIBZ 1
| #define HAVE_NAMESPACES /**/
| #define ISNAN_IN_NAMESPACE_STD /**/
| #define STDC_HEADERS 1
| #define HAVE_SYS_TYPES_H 1
| #define HAVE_SYS_STAT_H 1
| #define HAVE_STDLIB_H 1
| #define HAVE_STRING_H 1
| #define HAVE_MEMORY_H 1
| #define HAVE_STRINGS_H 1
| #define HAVE_INTTYPES_H 1
| #define HAVE_STDINT_H 1
| #define HAVE_UNISTD_H 1
| #define HAVE_FSEEKO 1
| /* end confdefs.h.  */
| #include <bits/atomicity.h>
configure:6252: result: no
configure:6285: checking for bits/atomicity.h
configure:6294: result: no
configure:6325: checking ext/atomicity.h usability
configure:6342: g++ -c -g -O3  conftest.cpp >&5
configure:6349: $? = 0
configure:6363: result: yes
configure:6367: checking ext/atomicity.h presence
configure:6382: g++ -E  conftest.cpp
configure:6389: $? = 0
configure:6403: result: yes
configure:6436: checking for ext/atomicity.h
configure:6445: result: yes
configure:6561: checking for mkstemp
configure:6617: gcc -o conftest -g -O3   conftest.c -lz -lpthread -lm  >&5
configure:6624: $? = 0
configure:6646: result: yes
configure:6662: checking for mkstemps
configure:6718: gcc -o conftest -g -O3   conftest.c -lz -lpthread -lm  >&5
configure:6725: $? = 0
configure:6747: result: yes
configure:7360: creating ./config.status

## ---------------------- ##
## Running config.status. ##
## ---------------------- ##

This file was extended by Indri config.status 5.8, which was
generated by GNU Autoconf 2.63.  Invocation command line was

  CONFIG_FILES    = 
  CONFIG_HEADERS  = 
  CONFIG_LINKS    = 
  CONFIG_COMMANDS = 
  $ ./config.status 

on ypeilin-Precision-T1650

config.status:695: creating MakeDefns
config.status:695: creating Makefile.app

## ---------------- ##
## Cache variables. ##
## ---------------- ##

ac_cv_build=x86_64-unknown-linux-gnu
ac_cv_c_bigendian=no
ac_cv_c_compiler_gnu=yes
ac_cv_cxx_compiler_gnu=yes
ac_cv_cxx_isnan_gnu_cxx=no
ac_cv_cxx_isnan_std=yes
ac_cv_cxx_namespaces=yes
ac_cv_env_CCC_set=
ac_cv_env_CCC_value=
ac_cv_env_CC_set=
ac_cv_env_CC_value=
ac_cv_env_CFLAGS_set=
ac_cv_env_CFLAGS_value=
ac_cv_env_CPPFLAGS_set=
ac_cv_env_CPPFLAGS_value=
ac_cv_env_CPP_set=
ac_cv_env_CPP_value=
ac_cv_env_CXXCPP_set=
ac_cv_env_CXXCPP_value=
ac_cv_env_CXXFLAGS_set=
ac_cv_env_CXXFLAGS_value=
ac_cv_env_CXX_set=
ac_cv_env_CXX_value=
ac_cv_env_LDFLAGS_set=
ac_cv_env_LDFLAGS_value=
ac_cv_env_LIBS_set=
ac_cv_env_LIBS_value=
ac_cv_env_build_alias_set=
ac_cv_env_build_alias_value=
ac_cv_env_host_alias_set=
ac_cv_env_host_alias_value=
ac_cv_env_target_alias_set=
ac_cv_env_target_alias_value=
ac_cv_func_mkstemp=yes
ac_cv_func_mkstemps=yes
ac_cv_header_bits_atomicity_h=no
ac_cv_header_ext_atomicity_h=yes
ac_cv_header_inttypes_h=yes
ac_cv_header_memory_h=yes
ac_cv_header_stdc=yes
ac_cv_header_stdint_h=yes
ac_cv_header_stdlib_h=yes
ac_cv_header_string_h=yes
ac_cv_header_strings_h=yes
ac_cv_header_sys_stat_h=yes
ac_cv_header_sys_types_h=yes
ac_cv_header_unistd_h=yes
ac_cv_host=x86_64-unknown-linux-gnu
ac_cv_lib_iberty_mkstemps=no
ac_cv_lib_m_log=yes
ac_cv_lib_pthread_pthread_create=yes
ac_cv_lib_z_deflate=yes
ac_cv_objext=o
ac_cv_path_AR=/usr/bin/ar
ac_cv_path_EGREP='/bin/grep -E'
ac_cv_path_GREP=/bin/grep
ac_cv_path_install='/usr/bin/install -c'
ac_cv_prog_CPP='gcc -E'
ac_cv_prog_CXXCPP='g++ -E'
ac_cv_prog_ac_ct_CC=gcc
ac_cv_prog_ac_ct_CXX=g++
ac_cv_prog_cc_c89=
ac_cv_prog_cc_g=yes
ac_cv_prog_cxx_g=yes
ac_cv_sys_file_offset_bits=no
ac_cv_sys_largefile_CC=no
ac_cv_sys_largefile_source=no

## ----------------- ##
## Output variables. ##
## ----------------- ##

AR='/usr/bin/ar'
CC='gcc'
CFLAGS='-g -O3'
CPP='gcc -E'
CPPFLAGS=''
CSHARP_SHARED='-shared'
CSHARP_SO='.so'
CXX='g++'
CXXCPP='g++ -E'
CXXFLAGS='-g -O3'
DEFS='-DPACKAGE_NAME=\"Indri\" -DPACKAGE_TARNAME=\"indri\" -DPACKAGE_VERSION=\"5.8\" -DPACKAGE_STRING=\"Indri\ 5.8\" -DPACKAGE_BUGREPORT=\"project@lemurproject.org\" -DINDRI_STANDALONE=1 -DHAVE_LIBM=1 -DHAVE_LIBPTHREAD=1 -DHAVE_LIBZ=1 -DHAVE_NAMESPACES=/\*\*/ -DISNAN_IN_NAMESPACE_STD=/\*\*/ -DSTDC_HEADERS=1 -DHAVE_SYS_TYPES_H=1 -DHAVE_SYS_STAT_H=1 -DHAVE_STDLIB_H=1 -DHAVE_STRING_H=1 -DHAVE_MEMORY_H=1 -DHAVE_STRINGS_H=1 -DHAVE_INTTYPES_H=1 -DHAVE_STDINT_H=1 -DHAVE_UNISTD_H=1 -DHAVE_FSEEKO=1 -DHAVE_EXT_ATOMICITY_H=1 -DP_NEEDS_GNU_CXX_NAMESPACE=1 -DHAVE_MKSTEMP=1 -DHAVE_MKSTEMPS=1 -DNDEBUG=1'
ECHO_C=''
ECHO_N='-n'
ECHO_T=''
EGREP='/bin/grep -E'
EXEEXT=''
GCC_33='0'
GREP='/bin/grep'
INDRI_STANDALONE='1'
INSTALL_DATA='${INSTALL} -m 644'
INSTALL_PROGRAM='${INSTALL}'
INSTALL_SCRIPT='${INSTALL}'
JAR=''
JAVAC=''
JAVADOC=''
JAVAHOME=''
JAVAINC=''
JAVA_SHARED='-shared'
JAVA_SO='.so'
LDFLAGS=''
LEX=':'
LEXLIB=''
LEX_OUTPUT_ROOT=''
LIBOBJS=''
LIBS='-lz -lpthread -lm '
LTLIBOBJS=''
MCS=''
NEED_ANTLR='1'
OBJEXT='o'
PACKAGE_BUGREPORT='project@lemurproject.org'
PACKAGE_NAME='Indri'
PACKAGE_STRING='Indri 5.8'
PACKAGE_TARNAME='indri'
PACKAGE_VERSION='5.8'
PATH_SEPARATOR=':'
PHPCONFIG=''
PHPINCLUDE=''
PHP_SHARED='-shared'
PHP_SO='.so'
SHARED='-shared -fPIC'
SHELL='/bin/bash'
SITESEED='unknownhost'
SWIG=''
WITH_CSHARP='0'
WITH_JAVA='0'
WITH_PHP='0'
WITH_SWIG='0'
ac_ct_CC='gcc'
ac_ct_CXX='g++'
bindir='${exec_prefix}/bin'
build='x86_64-unknown-linux-gnu'
build_alias=''
build_cpu='x86_64'
build_os='linux-gnu'
build_vendor='unknown'
datadir='${datarootdir}'
datarootdir='${prefix}/share'
docdir='${datarootdir}/doc/${PACKAGE_TARNAME}'
dvidir='${docdir}'
exec_prefix='${prefix}'
host='x86_64-unknown-linux-gnu'
host_alias=''
host_cpu='x86_64'
host_os='linux-gnu'
host_vendor='unknown'
htmldir='${docdir}'
includedir='${prefix}/include'
infodir='${datarootdir}/info'
libdir='${exec_prefix}/lib'
libexecdir='${exec_prefix}/libexec'
localedir='${datarootdir}/locale'
localstatedir='${prefix}/var'
mandir='${datarootdir}/man'
oldincludedir='/usr/include'
pdfdir='${docdir}'
prefix='/usr/local'
program_transform_name='s,x,x,'
psdir='${docdir}'
sbindir='${exec_prefix}/sbin'
sharedstatedir='${prefix}/com'
sysconfdir='${prefix}/etc'
target_alias=''

## ----------- ##
## confdefs.h. ##
## ----------- ##

#define PACKAGE_NAME "Indri"
#define PACKAGE_TARNAME "indri"
#define PACKAGE_VERSION "5.8"
#define PACKAGE_STRING "Indri 5.8"
#define PACKAGE_BUGREPORT "project@lemurproject.org"
#define INDRI_STANDALONE 1
#define HAVE_LIBM 1
#define HAVE_LIBPTHREAD 1
#define HAVE_LIBZ 1
#define HAVE_NAMESPACES /**/
#define ISNAN_IN_NAMESPACE_STD /**/
#define STDC_HEADERS 1
#define HAVE_SYS_TYPES_H 1
#define HAVE_SYS_STAT_H 1
#define HAVE_STDLIB_H 1
#define HAVE_STRING_H 1
#define HAVE_MEMORY_H 1
#define HAVE_STRINGS_H 1
#define HAVE_INTTYPES_H 1
#define HAVE_STDINT_H 1
#define HAVE_UNISTD_H 1
#define HAVE_FSEEKO 1
#define HAVE_EXT_ATOMICITY_H 1
#define P_NEEDS_GNU_CXX_NAMESPACE 1
#define HAVE_MKSTEMP 1
#define HAVE_MKSTEMPS 1
#define NDEBUG 1

configure: exit 0
