D:\MINRUNQUERY\DEBUG\INDRI.LIB
D:\MINRUNQUERY\SRC\DEBUG\BULKTREE.OBJ
D:\MinRunQuery\src\Debug\cl.command.1.tlog
D:\MinRunQuery\src\Debug\CL.read.1.tlog
D:\MinRunQuery\src\Debug\CL.write.1.tlog
D:\MINRUNQUERY\SRC\DEBUG\COMPRESSEDCOLLECTION.OBJ
D:\MINRUNQUERY\SRC\DEBUG\CONTEXTSIMPLECOUNTACCUMULATOR.OBJ
D:\MINRUNQUERY\SRC\DEBUG\COPIER.OBJ
D:\MINRUNQUERY\SRC\DEBUG\DELETEDDOCUMENTLIST.OBJ
D:\MINRUNQUERY\SRC\DEBUG\DIRECTORYITERATOR.OBJ
D:\MINRUNQUERY\SRC\DEBUG\DISKDOCLISTITERATOR.OBJ
D:\MINRUNQUERY\SRC\DEBUG\DISKINDEX.OBJ
D:\MINRUNQUERY\SRC\DEBUG\DISKTERMLISTFILEITERATOR.OBJ
D:\MINRUNQUERY\SRC\DEBUG\FILE.OBJ
D:\MinRunQuery\src\Debug\indri.write.1.tlog
D:\MINRUNQUERY\SRC\DEBUG\INDRITIMER.OBJ
D:\MinRunQuery\src\Debug\indri-VS2010.vcxprojResolveAssemblyReference.cache
D:\MINRUNQUERY\SRC\DEBUG\INFERENCENETWORK.OBJ
D:\MINRUNQUERY\SRC\DEBUG\INFERENCENETWORKBUILDER.OBJ
D:\MINRUNQUERY\SRC\DEBUG\KROVETZSTEMMER.OBJ
D:\MINRUNQUERY\SRC\DEBUG\KROVETZSTEMMERTRANSFORMATION.OBJ
D:\MinRunQuery\src\Debug\lib.command.1.tlog
D:\MinRunQuery\src\Debug\Lib-link.read.1.tlog
D:\MinRunQuery\src\Debug\Lib-link.write.1.tlog
D:\MINRUNQUERY\SRC\DEBUG\LOCALQUERYSERVER.OBJ
D:\MINRUNQUERY\SRC\DEBUG\NETWORKMESSAGESTREAM.OBJ
D:\MINRUNQUERY\SRC\DEBUG\NETWORKSERVERPROXY.OBJ
D:\MINRUNQUERY\SRC\DEBUG\NETWORKSERVERSTUB.OBJ
D:\MINRUNQUERY\SRC\DEBUG\NORMALIZATIONTRANSFORMATION.OBJ
D:\MINRUNQUERY\SRC\DEBUG\NULLLISTNODE.OBJ
D:\MINRUNQUERY\SRC\DEBUG\NULLSCORERNODE.OBJ
D:\MINRUNQUERY\SRC\DEBUG\PACKER.OBJ
D:\MINRUNQUERY\SRC\DEBUG\PARAMETERS.OBJ
D:\MINRUNQUERY\SRC\DEBUG\PATH.OBJ
D:\MINRUNQUERY\SRC\DEBUG\PORTER_STEMMER.OBJ
D:\MINRUNQUERY\SRC\DEBUG\PORTERSTEMMERTRANSFORMATION.OBJ
D:\MINRUNQUERY\SRC\DEBUG\QUERYENVIRONMENT.OBJ
D:\MINRUNQUERY\SRC\DEBUG\QUERYSTOPPER.OBJ
D:\MINRUNQUERY\SRC\DEBUG\RELEVANCEMODEL.OBJ
D:\MINRUNQUERY\SRC\DEBUG\REPOSITORY.OBJ
D:\MINRUNQUERY\SRC\DEBUG\REPOSITORYLOADTHREAD.OBJ
D:\MINRUNQUERY\SRC\DEBUG\REPOSITORYMAINTENANCETHREAD.OBJ
D:\MINRUNQUERY\SRC\DEBUG\SIMPLEQUERYPARSER.OBJ
D:\MINRUNQUERY\SRC\DEBUG\STEMMERFACTORY.OBJ
D:\MINRUNQUERY\SRC\DEBUG\STOPPERTRANSFORMATION.OBJ
D:\MINRUNQUERY\SRC\DEBUG\STOPSTRUCTUREREMOVER.OBJ
D:\MINRUNQUERY\SRC\DEBUG\TERMFREQUENCYBELIEFNODE.OBJ
D:\MINRUNQUERY\SRC\DEBUG\TERMSCOREFUNCTIONFACTORY.OBJ
D:\MINRUNQUERY\SRC\DEBUG\TEXTDOCUMENTEXTRACTOR.OBJ
D:\MINRUNQUERY\SRC\DEBUG\TFIDFTERMSCOREFUNCTION.OBJ
D:\MINRUNQUERY\SRC\DEBUG\THREAD.OBJ
D:\MINRUNQUERY\SRC\DEBUG\UINT64COMP.OBJ
D:\MINRUNQUERY\SRC\DEBUG\UNPACKER.OBJ
D:\MINRUNQUERY\SRC\DEBUG\UNPACKERINTERNAL.OBJ
D:\MINRUNQUERY\SRC\DEBUG\UTF8CASENORMALIZATIONTRANSFORMATION.OBJ
D:\MINRUNQUERY\SRC\DEBUG\UTF8TRANSCODER.OBJ
D:\MINRUNQUERY\SRC\DEBUG\UTILITYTHREAD.OBJ
D:\MinRunQuery\src\Debug\vc100.idb
D:\MINRUNQUERY\SRC\DEBUG\VC100.PDB
D:\MINRUNQUERY\SRC\DEBUG\WALKER.OBJ
D:\MINRUNQUERY\SRC\DEBUG\WEIGHTEDANDNODE.OBJ
D:\MINRUNQUERY\SRC\DEBUG\XMLNODE.OBJ
D:\MINRUNQUERY\SRC\DEBUG\XMLREADER.OBJ
D:\MINRUNQUERY\SRC\DEBUG\XMLWRITER.OBJ
