D:\MINRUNQUERY\CONTRIB\ZLIB\DEBUG\ADLER32.OBJ
D:\MinRunQuery\contrib\zlib\Debug\cl.command.1.tlog
D:\MinRunQuery\contrib\zlib\Debug\CL.read.1.tlog
D:\MinRunQuery\contrib\zlib\Debug\CL.write.1.tlog
D:\MINRUNQUERY\CONTRIB\ZLIB\DEBUG\COMPRESS.OBJ
D:\MINRUNQUERY\CONTRIB\ZLIB\DEBUG\CRC32.OBJ
D:\MINRUNQUERY\CONTRIB\ZLIB\DEBUG\DEFLATE.OBJ
D:\MINRUNQUERY\CONTRIB\ZLIB\DEBUG\GZIO.OBJ
D:\MINRUNQUERY\CONTRIB\ZLIB\DEBUG\INFBACK.OBJ
D:\MINRUNQUERY\CONTRIB\ZLIB\DEBUG\INFFAST.OBJ
D:\MINRUNQUERY\CONTRIB\ZLIB\DEBUG\INFLATE.OBJ
D:\MINRUNQUERY\CONTRIB\ZLIB\DEBUG\INFTREES.OBJ
D:\MinRunQuery\contrib\zlib\Debug\lib.command.1.tlog
D:\MinRunQuery\contrib\zlib\Debug\Lib-link.read.1.tlog
D:\MinRunQuery\contrib\zlib\Debug\Lib-link.write.1.tlog
D:\MINRUNQUERY\CONTRIB\ZLIB\DEBUG\TREES.OBJ
D:\MINRUNQUERY\CONTRIB\ZLIB\DEBUG\UNCOMPR.OBJ
D:\MinRunQuery\contrib\zlib\Debug\vc100.idb
D:\MINRUNQUERY\CONTRIB\ZLIB\DEBUG\VC100.PDB
D:\MINRUNQUERY\CONTRIB\ZLIB\DEBUG\ZLIB.LIB
D:\MinRunQuery\contrib\zlib\Debug\zlib.write.1.tlog
D:\MINRUNQUERY\CONTRIB\ZLIB\DEBUG\ZUTIL.OBJ
