D:\MinRunQuery\indrid\Debug\cl.command.1.tlog
D:\MinRunQuery\indrid\Debug\CL.read.1.tlog
D:\MinRunQuery\indrid\Debug\CL.write.1.tlog
D:\MINRUNQUERY\INDRID\DEBUG\INDRIDAEMON.EXE
D:\MINRUNQUERY\INDRID\DEBUG\INDRIDAEMON.EXE.EMBED.MANIFEST
D:\MINRUNQUERY\INDRID\DEBUG\INDRIDAEMON.EXE.EMBED.MANIFEST.RES
D:\MINRUNQUERY\INDRID\DEBUG\INDRIDAEMON.EXE.INTERMEDIATE.MANIFEST
D:\MINRUNQUERY\INDRID\DEBUG\INDRIDAEMON.ILK
D:\MINRUNQUERY\INDRID\DEBUG\INDRIDAEMON.OBJ
D:\MINRUNQUERY\INDRID\DEBUG\INDRIDAEMON.PDB
D:\MinRunQuery\indrid\Debug\IndriDaemon.write.1.tlog
D:\MinRunQuery\indrid\Debug\IndriDaemon_manifest.rc
D:\MinRunQuery\indrid\Debug\link.10940.read.1.tlog
D:\MinRunQuery\indrid\Debug\link.10940.write.1.tlog
D:\MinRunQuery\indrid\Debug\link.10940-cvtres.read.1.tlog
D:\MinRunQuery\indrid\Debug\link.10940-cvtres.write.1.tlog
D:\MinRunQuery\indrid\Debug\link.10944.read.1.tlog
D:\MinRunQuery\indrid\Debug\link.10944.write.1.tlog
D:\MinRunQuery\indrid\Debug\link.10944-cvtres.read.1.tlog
D:\MinRunQuery\indrid\Debug\link.10944-cvtres.write.1.tlog
D:\MinRunQuery\indrid\Debug\link.11468.read.1.tlog
D:\MinRunQuery\indrid\Debug\link.11468.write.1.tlog
D:\MinRunQuery\indrid\Debug\link.11468-cvtres.read.1.tlog
D:\MinRunQuery\indrid\Debug\link.11468-cvtres.write.1.tlog
D:\MinRunQuery\indrid\Debug\link.5328.read.1.tlog
D:\MinRunQuery\indrid\Debug\link.5328.write.1.tlog
D:\MinRunQuery\indrid\Debug\link.5328-cvtres.read.1.tlog
D:\MinRunQuery\indrid\Debug\link.5328-cvtres.write.1.tlog
D:\MinRunQuery\indrid\Debug\link.6456.read.1.tlog
D:\MinRunQuery\indrid\Debug\link.6456.write.1.tlog
D:\MinRunQuery\indrid\Debug\link.6456-cvtres.read.1.tlog
D:\MinRunQuery\indrid\Debug\link.6456-cvtres.write.1.tlog
D:\MinRunQuery\indrid\Debug\link.7580.read.1.tlog
D:\MinRunQuery\indrid\Debug\link.7580.write.1.tlog
D:\MinRunQuery\indrid\Debug\link.7580-cvtres.read.1.tlog
D:\MinRunQuery\indrid\Debug\link.7580-cvtres.write.1.tlog
D:\MinRunQuery\indrid\Debug\link.780.read.1.tlog
D:\MinRunQuery\indrid\Debug\link.780.write.1.tlog
D:\MinRunQuery\indrid\Debug\link.780-cvtres.read.1.tlog
D:\MinRunQuery\indrid\Debug\link.780-cvtres.write.1.tlog
D:\MinRunQuery\indrid\Debug\link.7860.read.1.tlog
D:\MinRunQuery\indrid\Debug\link.7860.write.1.tlog
D:\MinRunQuery\indrid\Debug\link.7860-cvtres.read.1.tlog
D:\MinRunQuery\indrid\Debug\link.7860-cvtres.write.1.tlog
D:\MinRunQuery\indrid\Debug\link.command.1.tlog
D:\MinRunQuery\indrid\Debug\link.read.1.tlog
D:\MinRunQuery\indrid\Debug\link.write.1.tlog
D:\MinRunQuery\indrid\Debug\link-cvtres.read.1.tlog
D:\MinRunQuery\indrid\Debug\link-cvtres.write.1.tlog
D:\MinRunQuery\indrid\Debug\mt.command.1.tlog
D:\MinRunQuery\indrid\Debug\mt.read.1.tlog
D:\MinRunQuery\indrid\Debug\mt.write.1.tlog
D:\MinRunQuery\indrid\Debug\rc.command.1.tlog
D:\MinRunQuery\indrid\Debug\rc.read.1.tlog
D:\MinRunQuery\indrid\Debug\rc.write.1.tlog
D:\MinRunQuery\indrid\Debug\vc100.idb
D:\MINRUNQUERY\INDRID\DEBUG\VC100.PDB
Debug\IndriDaemon.ilk
Debug\IndriDaemon.pdb
