D:\MinRunQuery\runquery\Debug\cl.command.1.tlog
D:\MinRunQuery\runquery\Debug\CL.read.1.tlog
D:\MinRunQuery\runquery\Debug\CL.write.1.tlog
D:\MINRUNQUERY\RUNQUERY\DEBUG\INDRIRUNQUERY.EXE
D:\MINRUNQUERY\RUNQUERY\DEBUG\INDRIRUNQUERY.EXE.EMBED.MANIFEST
D:\MINRUNQUERY\RUNQUERY\DEBUG\INDRIRUNQUERY.EXE.EMBED.MANIFEST.RES
D:\MINRUNQUERY\RUNQUERY\DEBUG\INDRIRUNQUERY.EXE.INTERMEDIATE.MANIFEST
D:\MinRunQuery\runquery\Debug\IndriRunQuery.exp
D:\MINRUNQUERY\RUNQUERY\DEBUG\INDRIRUNQUERY.ILK
D:\MinRunQuery\runquery\Debug\IndriRunQuery.lib
D:\MINRUNQUERY\RUNQUERY\DEBUG\INDRIRUNQUERY.OBJ
D:\MINRUNQUERY\RUNQUERY\DEBUG\INDRIRUNQUERY.PDB
D:\MinRunQuery\runquery\Debug\IndriRunQuery.write.1.tlog
D:\MinRunQuery\runquery\Debug\IndriRunQuery_manifest.rc
D:\MinRunQuery\runquery\Debug\link.3936.read.1.tlog
D:\MinRunQuery\runquery\Debug\link.3936.write.1.tlog
D:\MinRunQuery\runquery\Debug\link.3936-cvtres.read.1.tlog
D:\MinRunQuery\runquery\Debug\link.3936-cvtres.write.1.tlog
D:\MinRunQuery\runquery\Debug\link.4176.read.1.tlog
D:\MinRunQuery\runquery\Debug\link.4176.write.1.tlog
D:\MinRunQuery\runquery\Debug\link.4176-cvtres.read.1.tlog
D:\MinRunQuery\runquery\Debug\link.4176-cvtres.write.1.tlog
D:\MinRunQuery\runquery\Debug\link.4388.read.1.tlog
D:\MinRunQuery\runquery\Debug\link.4388.write.1.tlog
D:\MinRunQuery\runquery\Debug\link.4388-cvtres.read.1.tlog
D:\MinRunQuery\runquery\Debug\link.4388-cvtres.write.1.tlog
D:\MinRunQuery\runquery\Debug\link.4420.read.1.tlog
D:\MinRunQuery\runquery\Debug\link.4420.write.1.tlog
D:\MinRunQuery\runquery\Debug\link.4420-cvtres.read.1.tlog
D:\MinRunQuery\runquery\Debug\link.4420-cvtres.write.1.tlog
D:\MinRunQuery\runquery\Debug\link.572.read.1.tlog
D:\MinRunQuery\runquery\Debug\link.572.write.1.tlog
D:\MinRunQuery\runquery\Debug\link.572-cvtres.read.1.tlog
D:\MinRunQuery\runquery\Debug\link.572-cvtres.write.1.tlog
D:\MinRunQuery\runquery\Debug\link.5796.read.1.tlog
D:\MinRunQuery\runquery\Debug\link.5796.write.1.tlog
D:\MinRunQuery\runquery\Debug\link.5796-cvtres.read.1.tlog
D:\MinRunQuery\runquery\Debug\link.5796-cvtres.write.1.tlog
D:\MinRunQuery\runquery\Debug\link.5884.read.1.tlog
D:\MinRunQuery\runquery\Debug\link.5884.write.1.tlog
D:\MinRunQuery\runquery\Debug\link.5884-cvtres.read.1.tlog
D:\MinRunQuery\runquery\Debug\link.5884-cvtres.write.1.tlog
D:\MinRunQuery\runquery\Debug\link.5972.read.1.tlog
D:\MinRunQuery\runquery\Debug\link.5972.write.1.tlog
D:\MinRunQuery\runquery\Debug\link.5972-cvtres.read.1.tlog
D:\MinRunQuery\runquery\Debug\link.5972-cvtres.write.1.tlog
D:\MinRunQuery\runquery\Debug\link.6812.read.1.tlog
D:\MinRunQuery\runquery\Debug\link.6812.write.1.tlog
D:\MinRunQuery\runquery\Debug\link.6812-cvtres.read.1.tlog
D:\MinRunQuery\runquery\Debug\link.6812-cvtres.write.1.tlog
D:\MinRunQuery\runquery\Debug\link.7036.read.1.tlog
D:\MinRunQuery\runquery\Debug\link.7036.write.1.tlog
D:\MinRunQuery\runquery\Debug\link.7036-cvtres.read.1.tlog
D:\MinRunQuery\runquery\Debug\link.7036-cvtres.write.1.tlog
D:\MinRunQuery\runquery\Debug\link.8308.read.1.tlog
D:\MinRunQuery\runquery\Debug\link.8308.write.1.tlog
D:\MinRunQuery\runquery\Debug\link.8308-cvtres.read.1.tlog
D:\MinRunQuery\runquery\Debug\link.8308-cvtres.write.1.tlog
D:\MinRunQuery\runquery\Debug\link.9240.read.1.tlog
D:\MinRunQuery\runquery\Debug\link.9240.write.1.tlog
D:\MinRunQuery\runquery\Debug\link.9240-cvtres.read.1.tlog
D:\MinRunQuery\runquery\Debug\link.9240-cvtres.write.1.tlog
D:\MinRunQuery\runquery\Debug\link.command.1.tlog
D:\MinRunQuery\runquery\Debug\link.read.1.tlog
D:\MinRunQuery\runquery\Debug\link.write.1.tlog
D:\MinRunQuery\runquery\Debug\link-cvtres.read.1.tlog
D:\MinRunQuery\runquery\Debug\link-cvtres.write.1.tlog
D:\MinRunQuery\runquery\Debug\mt.command.1.tlog
D:\MinRunQuery\runquery\Debug\mt.read.1.tlog
D:\MinRunQuery\runquery\Debug\mt.write.1.tlog
D:\MinRunQuery\runquery\Debug\rc.command.1.tlog
D:\MinRunQuery\runquery\Debug\rc.read.1.tlog
D:\MinRunQuery\runquery\Debug\rc.write.1.tlog
D:\MinRunQuery\runquery\Debug\runquery-VS2010.vcxprojResolveAssemblyReference.cache
D:\MinRunQuery\runquery\Debug\vc100.idb
D:\MINRUNQUERY\RUNQUERY\DEBUG\VC100.PDB
Debug\IndriRunQuery.ilk
Debug\IndriRunQuery.pdb
