Build started 2016/1/27 11:27:01.
     1>Project "D:\MinRunQuery\runquery\runquery-VS2010.vcxproj" on node 3 (build target(s)).
     1>C:\Windows\Microsoft.NET\Framework\v4.0.30319\Microsoft.Common.Targets(1422,5): warning : The referenced project '..\contrib\antlr\antlr-VS2010.vcxproj' does not exist.
     1>InitializeBuildStatus:
         Creating "Debug\IndriRunQuery.unsuccessfulbuild" because "AlwaysCreate" was specified.
       ClCompile:
         D:\Microsoft Visual Studio 10.0\VC\bin\CL.exe /c /I..\include /I..\contrib\antlr\include /I..\contrib\lemur\include /I..\contrib\zlib\include /ZI /nologo /W1 /WX- /Od /Oy- /D WIN32 /D _DEBUG /D _CONSOLE /D _VC80_UPGRADE=0x0710 /D _MBCS /Gm /EHsc /RTC1 /MDd /GS /fp:precise /Zc:wchar_t /Zc:forScope /GR /Fo"Debug\\" /Fd"Debug\vc100.pdb" /Gd /TP /analyze- /errorReport:prompt IndriRunQuery.cpp
         IndriRunQuery.cpp
       ManifestResourceCompile:
         C:\Program Files (x86)\Microsoft SDKs\Windows\v7.0A\bin\rc.exe /nologo /fo"Debug\IndriRunQuery.exe.embed.manifest.res" Debug\IndriRunQuery_manifest.rc 
       Link:
         D:\Microsoft Visual Studio 10.0\VC\bin\link.exe /ERRORREPORT:PROMPT /OUT:"Debug\IndriRunQuery.exe" /INCREMENTAL /NOLOGO wsock32.lib kernel32.lib user32.lib gdi32.lib winspool.lib comdlg32.lib advapi32.lib shell32.lib ole32.lib oleaut32.lib uuid.lib odbc32.lib odbccp32.lib /MANIFEST /ManifestFile:"Debug\IndriRunQuery.exe.intermediate.manifest" /MANIFESTUAC:"level='asInvoker' uiAccess='false'" /DEBUG /PDB:"Debug\IndriRunQuery.pdb" /SUBSYSTEM:CONSOLE /TLBID:1 /DYNAMICBASE:NO /IMPLIB:"Debug\IndriRunQuery.lib" /MACHINE:X86 Debug\IndriRunQuery.exe.embed.manifest.res
         Debug\IndriRunQuery.obj
         D:\MinRunQuery\contrib\lemur\Debug\lemur.lib
         D:\MinRunQuery\contrib\zlib\Debug\zlib.lib
         D:\MinRunQuery\Debug\indri.lib
            Creating library Debug\IndriRunQuery.lib and object Debug\IndriRunQuery.exp
       Manifest:
         C:\Program Files (x86)\Microsoft SDKs\Windows\v7.0A\bin\mt.exe /nologo /verbose /out:"Debug\IndriRunQuery.exe.embed.manifest" /manifest Debug\IndriRunQuery.exe.intermediate.manifest
         C:\Program Files (x86)\Microsoft SDKs\Windows\v7.0A\bin\rc.exe /nologo /fo"Debug\IndriRunQuery.exe.embed.manifest.res" Debug\IndriRunQuery_manifest.rc 
       LinkEmbedManifest:
         D:\Microsoft Visual Studio 10.0\VC\bin\link.exe /ERRORREPORT:PROMPT /OUT:"Debug\IndriRunQuery.exe" /INCREMENTAL /NOLOGO wsock32.lib kernel32.lib user32.lib gdi32.lib winspool.lib comdlg32.lib advapi32.lib shell32.lib ole32.lib oleaut32.lib uuid.lib odbc32.lib odbccp32.lib /MANIFEST /ManifestFile:"Debug\IndriRunQuery.exe.intermediate.manifest" /MANIFESTUAC:"level='asInvoker' uiAccess='false'" /DEBUG /PDB:"Debug\IndriRunQuery.pdb" /SUBSYSTEM:CONSOLE /TLBID:1 /DYNAMICBASE:NO /IMPLIB:"Debug\IndriRunQuery.lib" /MACHINE:X86 Debug\IndriRunQuery.exe.embed.manifest.res
         Debug\IndriRunQuery.obj
         D:\MinRunQuery\contrib\lemur\Debug\lemur.lib
         D:\MinRunQuery\contrib\zlib\Debug\zlib.lib
         D:\MinRunQuery\Debug\indri.lib
            Creating library Debug\IndriRunQuery.lib and object Debug\IndriRunQuery.exp
         runquery-VS2010.vcxproj -> D:\MinRunQuery\runquery\Debug\IndriRunQuery.exe
       FinalizeBuildStatus:
         Deleting file "Debug\IndriRunQuery.unsuccessfulbuild".
         Touching "Debug\IndriRunQuery.lastbuildstate".
     1>Done Building Project "D:\MinRunQuery\runquery\runquery-VS2010.vcxproj" (build target(s)).

Build succeeded.

Time Elapsed 00:00:05.81
