D:\MinRunQuery\contrib\lemur\Debug\cl.command.1.tlog
D:\MinRunQuery\contrib\lemur\Debug\CL.read.1.tlog
D:\MinRunQuery\contrib\lemur\Debug\CL.write.1.tlog
D:\MINRUNQUERY\CONTRIB\LEMUR\DEBUG\FILEIO.OBJ
D:\MINRUNQUERY\CONTRIB\LEMUR\DEBUG\FN_F.OBJ
D:\MINRUNQUERY\CONTRIB\LEMUR\DEBUG\HARVESTSORTMERGE.OBJ
D:\MINRUNQUERY\CONTRIB\LEMUR\DEBUG\KEYFILE.OBJ
D:\MINRUNQUERY\CONTRIB\LEMUR\DEBUG\KEYFILECODE.OBJ
D:\MINRUNQUERY\CONTRIB\LEMUR\DEBUG\KEYFILECOMPRESS.OBJ
D:\MINRUNQUERY\CONTRIB\LEMUR\DEBUG\KEYPRINT.OBJ
D:\MINRUNQUERY\CONTRIB\LEMUR\DEBUG\LEMUR.LIB
D:\MinRunQuery\contrib\lemur\Debug\lemur.write.1.tlog
D:\MINRUNQUERY\CONTRIB\LEMUR\DEBUG\LEMUR-COMPAT.OBJ
D:\MinRunQuery\contrib\lemur\Debug\lemur-VS2010.vcxprojResolveAssemblyReference.cache
D:\MinRunQuery\contrib\lemur\Debug\lib.command.1.tlog
D:\MinRunQuery\contrib\lemur\Debug\Lib-link.read.1.tlog
D:\MinRunQuery\contrib\lemur\Debug\Lib-link.write.1.tlog
D:\MINRUNQUERY\CONTRIB\LEMUR\DEBUG\RVLCOMPRESS.OBJ
D:\MINRUNQUERY\CONTRIB\LEMUR\DEBUG\SHA1.OBJ
D:\MINRUNQUERY\CONTRIB\LEMUR\DEBUG\SORTMERGETEXTFILES.OBJ
D:\MINRUNQUERY\CONTRIB\LEMUR\DEBUG\STRING-SET.OBJ
D:\MinRunQuery\contrib\lemur\Debug\vc100.idb
D:\MINRUNQUERY\CONTRIB\LEMUR\DEBUG\VC100.PDB
